.=====================================================================.
                                                                       
  .d8888b.   .o8888b.  db  .d8888b.  d8888b. d88888b d8888b.  .d888b.  
 .8P    Y8. d8P    Y8  88 .8P    Y8. 88  `8D 88'     88  `8D .8P , Y8. 
 88      88 8P     .ooo88 88      88 88oooY' 88oooo  88oobY' 88  |  88 
 88      88 8b     `~~~88 88      88 88~~~b. 88~~~~  88`8b   88  |/ 88 
 `8b    d8' Y8b    d8  88 `8b    d8' 88   8D 88.     88 `88. `8b | d8' 
  `Y8888P'   `Y8888P'  YP  `Y8888P'  Y8888P' Y88888P 88   YD  `Y888P'  
                                                                       
`========================== INSTALLATION LOG ========================='

[2019/04/26 11:25:01] Host: Linux das 5.0.7-arch1-1-ARCH #1 SMP PREEMPT Mon Apr 8 10:37:08 UTC 2019 x86_64
[2019/04/26 11:25:01] PHP version: 7.2.17
[2019/04/26 11:25:01] Server software: Apache/2.4.39 (Unix) OpenSSL/1.0.2r PHP/7.2.17 mod_perl/2.0.8-dev Perl/v5.16.3
[2019/04/26 11:25:01] Operating system: Linux
[2019/04/26 11:25:01] Memory limit: 128M
[2019/04/26 11:25:01] Max execution time: 3600
.============================ POST REQUEST ==========================.
[2019/04/26 11:25:01] Postback payload: Array
(
    [code] => phpVersion
    [handler] => onCheckRequirement
)

[2019/04/26 11:25:01] System check: phpVersion
[2019/04/26 11:25:01] Requirement phpVersion +OK
[2019/04/26 11:25:01] Execute handler (onCheckRequirement): Array
(
    [result] => 1
)

.============================ POST REQUEST ==========================.
[2019/04/26 11:25:01] Postback payload: Array
(
    [code] => curlLibrary
    [handler] => onCheckRequirement
)

[2019/04/26 11:25:01] System check: curlLibrary
[2019/04/26 11:25:01] Requirement curlLibrary +OK
[2019/04/26 11:25:01] Execute handler (onCheckRequirement): Array
(
    [result] => 1
)

.============================ POST REQUEST ==========================.
[2019/04/26 11:25:02] Postback payload: Array
(
    [code] => liveConnection
    [handler] => onCheckRequirement
)

[2019/04/26 11:25:02] System check: liveConnection
[2019/04/26 11:25:04] Server request: ping
[2019/04/26 11:25:04] Request information: Array
(
    [url] => http://gateway.octobercms.com/api/ping
    [content_type] => application/json
    [http_code] => 200
    [header_size] => 418
    [request_size] => 189
    [filetime] => -1
    [ssl_verify_result] => 0
    [redirect_count] => 0
    [total_time] => 1.75648
    [namelookup_time] => 1.147253
    [connect_time] => 1.45008
    [pretransfer_time] => 1.450201
    [size_upload] => 50
    [size_download] => 12
    [speed_download] => 6
    [speed_upload] => 28
    [download_content_length] => -1
    [upload_content_length] => 50
    [starttransfer_time] => 1.75592
    [redirect_time] => 0
    [redirect_url] => 
    [primary_ip] => 52.37.223.30
    [certinfo] => Array
        (
        )

    [primary_port] => 80
    [local_ip] => 192.168.1.39
    [local_port] => 45890
)

[2019/04/26 11:25:04] Requirement liveConnection +OK
[2019/04/26 11:25:04] Execute handler (onCheckRequirement): Array
(
    [result] => 1
)

.============================ POST REQUEST ==========================.
[2019/04/26 11:25:04] Postback payload: Array
(
    [code] => writePermission
    [handler] => onCheckRequirement
)

[2019/04/26 11:25:04] System check: writePermission
[2019/04/26 11:25:04] Requirement writePermission +OK
[2019/04/26 11:25:04] Execute handler (onCheckRequirement): Array
(
    [result] => 1
)

.============================ POST REQUEST ==========================.
[2019/04/26 11:25:05] Postback payload: Array
(
    [code] => pdoLibrary
    [handler] => onCheckRequirement
)

[2019/04/26 11:25:05] System check: pdoLibrary
[2019/04/26 11:25:05] Requirement pdoLibrary +OK
[2019/04/26 11:25:05] Execute handler (onCheckRequirement): Array
(
    [result] => 1
)

.============================ POST REQUEST ==========================.
[2019/04/26 11:25:05] Postback payload: Array
(
    [code] => mbstringLibrary
    [handler] => onCheckRequirement
)

[2019/04/26 11:25:05] System check: mbstringLibrary
[2019/04/26 11:25:05] Requirement mbstringLibrary +OK
[2019/04/26 11:25:05] Execute handler (onCheckRequirement): Array
(
    [result] => 1
)

.============================ POST REQUEST ==========================.
[2019/04/26 11:25:06] Postback payload: Array
(
    [code] => fileinfoLibrary
    [handler] => onCheckRequirement
)

[2019/04/26 11:25:06] System check: fileinfoLibrary
[2019/04/26 11:25:06] Requirement fileinfoLibrary +OK
[2019/04/26 11:25:06] Execute handler (onCheckRequirement): Array
(
    [result] => 1
)

.============================ POST REQUEST ==========================.
[2019/04/26 11:25:06] Postback payload: Array
(
    [code] => sslLibrary
    [handler] => onCheckRequirement
)

[2019/04/26 11:25:06] System check: sslLibrary
[2019/04/26 11:25:06] Requirement sslLibrary +OK
[2019/04/26 11:25:06] Execute handler (onCheckRequirement): Array
(
    [result] => 1
)

.============================ POST REQUEST ==========================.
[2019/04/26 11:25:07] Postback payload: Array
(
    [code] => zipLibrary
    [handler] => onCheckRequirement
)

[2019/04/26 11:25:07] System check: zipLibrary
[2019/04/26 11:25:07] Requirement zipLibrary +OK
[2019/04/26 11:25:07] Execute handler (onCheckRequirement): Array
(
    [result] => 1
)

.============================ POST REQUEST ==========================.
[2019/04/26 11:25:08] Postback payload: Array
(
    [code] => gdLibrary
    [handler] => onCheckRequirement
)

[2019/04/26 11:25:08] System check: gdLibrary
[2019/04/26 11:25:08] Requirement gdLibrary +OK
[2019/04/26 11:25:08] Execute handler (onCheckRequirement): Array
(
    [result] => 1
)

.============================ POST REQUEST ==========================.
[2019/04/26 11:25:54] Postback payload: Array
(
    [db_type] => mysql
    [db_host] => localhost
    [db_port] => 
    [db_name] => app-church
    [db_user] => root
    [db_pass] => *******
    [admin_first_name] => Admin
    [admin_last_name] => Person
    [admin_email] => *******@*****.com
    [admin_login] => admin
    [admin_password] => *******
    [admin_confirm_password] => *******
    [backend_uri] => /backend
    [encryption_code] => *******
    [file_mask] => 777
    [folder_mask] => 777
    [handler] => onValidateDatabase
)

.============================ POST REQUEST ==========================.
[2019/04/26 11:25:54] Postback payload: Array
(
    [db_type] => mysql
    [db_host] => localhost
    [db_port] => 
    [db_name] => app-church
    [db_user] => root
    [db_pass] => *******
    [admin_first_name] => Admin
    [admin_last_name] => Person
    [admin_email] => *******@*****.com
    [admin_login] => admin
    [admin_password] => *******
    [admin_confirm_password] => *******
    [backend_uri] => /backend
    [encryption_code] => *******
    [file_mask] => 777
    [folder_mask] => 777
    [handler] => onValidateAdminAccount
)

.============================ POST REQUEST ==========================.
[2019/04/26 11:25:54] Postback payload: Array
(
    [db_type] => mysql
    [db_host] => localhost
    [db_port] => 
    [db_name] => app-church
    [db_user] => root
    [db_pass] => *******
    [admin_first_name] => Admin
    [admin_last_name] => Person
    [admin_email] => *******@*****.com
    [admin_login] => admin
    [admin_password] => *******
    [admin_confirm_password] => *******
    [backend_uri] => /backend
    [encryption_code] => *******
    [file_mask] => 777
    [folder_mask] => 777
    [handler] => onValidateAdvancedConfig
)

.============================ POST REQUEST ==========================.
[2019/04/26 11:26:16] Postback payload: Array
(
    [handler] => onGetPopularThemes
)

[2019/04/26 11:26:17] Server request: theme/popular
[2019/04/26 11:26:17] Request information: Array
(
    [url] => http://gateway.octobercms.com/api/theme/popular
    [content_type] => application/json
    [http_code] => 200
    [header_size] => 418
    [request_size] => 198
    [filetime] => -1
    [ssl_verify_result] => 0
    [redirect_count] => 0
    [total_time] => 1.430996
    [namelookup_time] => 0.588223
    [connect_time] => 0.968394
    [pretransfer_time] => 0.968502
    [size_upload] => 50
    [size_download] => 4019
    [speed_download] => 2808
    [speed_upload] => 34
    [download_content_length] => -1
    [upload_content_length] => 50
    [starttransfer_time] => 1.430037
    [redirect_time] => 0
    [redirect_url] => 
    [primary_ip] => 54.68.25.146
    [certinfo] => Array
        (
        )

    [primary_port] => 80
    [local_ip] => 192.168.1.39
    [local_port] => 36664
)

[2019/04/26 11:26:17] Execute handler (onGetPopularThemes): Array
(
    [0] => Array
        (
            [name] => Clean Blog
            [description] => Clean blogger theme.
            [code] => Responsiv.Clean
            [updated_at] => 2019-04-26 09:24:18
            [image] => //gateway.octobercms.com/storage/app/uploads/public/58e/304/7a4/thumb_6978_210_140_0_0_crop.png
            [author] => Responsiv Internet
            [hash] => 07e5b7066168a94349ac92018770c2e8
            [demo_url] => http://daftspunk.com/
            [product_url] => http://gateway.octobercms.com/theme/responsiv-clean
        )

    [1] => Array
        (
            [name] => New Age
            [description] => Landing page for mobile apps
            [code] => VojtaSvoboda.newage
            [updated_at] => 2019-04-26 09:18:18
            [image] => //gateway.octobercms.com/storage/app/uploads/public/580/7eb/dc9/thumb_5770_210_140_0_0_crop.png
            [author] => Vojta Svoboda
            [hash] => 09d9e47e64a2ed47dc35146a792008c2
            [demo_url] => https://blackrockdigital.github.io/startbootstrap-new-age/
            [product_url] => http://gateway.octobercms.com/theme/vojtasvoboda-newage
        )

    [2] => Array
        (
            [name] => Stellar
            [description] => a clean, responsive one page and blog theme
            [code] => Zwiebl.zwiebl_stellar
            [updated_at] => 2019-04-26 08:16:18
            [image] => //gateway.octobercms.com/storage/app/uploads/public/57e/bb4/fe9/thumb_5641_210_140_0_0_crop.png
            [author] => Alpen.Space
            [hash] => 19345446d87ad08e6937503019a43fd9
            [demo_url] => https://demo-stellar.alpen.space/
            [product_url] => http://gateway.octobercms.com/theme/zwiebl-zwiebl-stellar
        )

    [3] => Array
        (
            [name] => Blank Bootstrap 4
            [description] => A blank Bootstrap 4 template
            [code] => Hambern.hambern-blank-bootstrap-4
            [updated_at] => 2019-04-26 05:26:52
            [image] => //gateway.octobercms.com/storage/app/uploads/public/57b/9ba/c48/thumb_5365_210_140_0_0_crop.png
            [author] => Mattias Hamberg
            [hash] => 9a6762de633774de2cebf69a88f290d1
            [demo_url] => 
            [product_url] => http://gateway.octobercms.com/theme/hambern-hambern-blank-bootstrap-4
        )

    [4] => Array
        (
            [name] => Bonjour
            [description] => A sample multi-lingual theme for translated content.
            [code] => RainLab.Bonjour
            [updated_at] => 2019-04-26 09:24:18
            [image] => //gateway.octobercms.com/storage/app/uploads/public/577/9df/850/thumb_4911_210_140_0_0_crop.png
            [author] => RainLab
            [hash] => f1084f81e0e1c5c8d22317794292deb3
            [demo_url] => 
            [product_url] => http://gateway.octobercms.com/theme/rainlab-bonjour
        )

    [5] => Array
        (
            [name] => Viola
            [description] => One Page Theme based on Bootstrap 4 with different color schemes, scss files included
            [code] => JumpLink.Viola
            [updated_at] => 2019-04-26 01:00:28
            [image] => //gateway.octobercms.com/storage/app/uploads/public/574/6af/435/thumb_4705_210_140_0_0_crop.png
            [author] => JumpLink
            [hash] => fe09a3915724fcc241e0e5914c8ea346
            [demo_url] => http://healthyteeth.jumplink.eu/
            [product_url] => http://gateway.octobercms.com/theme/jumplink-viola
        )

    [6] => Array
        (
            [name] => Relax
            [description] => A fictional site called House of Chairs that demonstrates how to build a client-friendly website.
            [code] => RainLab.Relax
            [updated_at] => 2019-04-26 08:16:18
            [image] => //gateway.octobercms.com/storage/app/uploads/public/559/49e/2da/thumb_2585_210_140_0_0_crop.png
            [author] => RainLab
            [hash] => a35c64b09ad6347b8a226291e5b8fd75
            [demo_url] => 
            [product_url] => http://gateway.octobercms.com/theme/rainlab-relax
        )

    [7] => Array
        (
            [name] => Vanilla
            [description] => A plain starter template that implements account management, a blog and community forum.
            [code] => RainLab.Vanilla
            [updated_at] => 2019-04-26 08:22:26
            [image] => //gateway.octobercms.com/storage/app/uploads/public/552/da4/0f8/thumb_2106_210_140_0_0_crop.png
            [author] => RainLab
            [hash] => 4b893d1c085a298e9b9b1d13635a675f
            [demo_url] => 
            [product_url] => http://gateway.octobercms.com/theme/rainlab-vanilla
        )

    [8] => Array
        (
            [name] => Flat UI
            [description] => A theme that uses a Flat user-interface and has no dependencies on others plugins.
            [code] => Responsiv.Flat
            [updated_at] => 2019-04-26 06:34:44
            [image] => //gateway.octobercms.com/storage/app/uploads/public/53d/084/fbc/thumb_543_210_140_0_0_crop.png
            [author] => Responsiv Internet
            [hash] => 3b3994c2c50d1b0f49a0725d764c12e8
            [demo_url] => 
            [product_url] => http://gateway.octobercms.com/theme/responsiv-flat
        )

)

.============================ POST REQUEST ==========================.
[2019/04/26 11:26:23] Postback payload: Array
(
    [name] => Responsiv.Clean
    [handler] => onThemeDetails
)

[2019/04/26 11:26:25] Server request: theme/detail
[2019/04/26 11:26:25] Request information: Array
(
    [url] => http://gateway.octobercms.com/api/theme/detail
    [content_type] => application/json
    [http_code] => 200
    [header_size] => 418
    [request_size] => 218
    [filetime] => -1
    [ssl_verify_result] => 0
    [redirect_count] => 0
    [total_time] => 1.489352
    [namelookup_time] => 0.83661
    [connect_time] => 1.143682
    [pretransfer_time] => 1.143814
    [size_upload] => 71
    [size_download] => 680
    [speed_download] => 456
    [speed_upload] => 47
    [download_content_length] => -1
    [upload_content_length] => 71
    [starttransfer_time] => 1.488718
    [redirect_time] => 0
    [redirect_url] => 
    [primary_ip] => 52.37.223.30
    [certinfo] => Array
        (
        )

    [primary_port] => 80
    [local_ip] => 192.168.1.39
    [local_port] => 46000
)

[2019/04/26 11:26:25] Execute handler (onThemeDetails): Array
(
    [name] => Clean Blog
    [description] => Clean blogger theme.
    [code] => Responsiv.Clean
    [updated_at] => 2019-04-26 09:24:18
    [image] => //gateway.octobercms.com/storage/app/uploads/public/58e/304/7a4/thumb_6978_210_140_0_0_crop.png
    [author] => Responsiv Internet
    [hash] => 07e5b7066168a94349ac92018770c2e8
    [demo_url] => http://daftspunk.com/
    [product_url] => http://gateway.octobercms.com/theme/responsiv-clean
    [require] => Array
        (
            [0] => Array
                (
                    [name] => Blog
                    [description] => A robust blogging platform.
                    [code] => RainLab.Blog
                    [updated_at] => 2019-04-26 09:24:18
                    [image] => http://placehold.it/64x64
                    [author] => October
                    [hash] => 0b6eaf74c999eb254549d1b1ab90aaa3
                    [demo_url] => 
                    [product_url] => 
                )

        )

)

.============================ POST REQUEST ==========================.
[2019/04/26 11:26:25] Postback payload: Array
(
    [step] => getMetaData
    [meta] => 
    [plugins] => Array
        (
            [0] => Array
                (
                    [name] => Blog
                    [description] => A robust blogging platform.
                    [code] => RainLab.Blog
                    [updated_at] => 2019-04-26 09:24:18
                    [image] => http://placehold.it/64x64
                    [author] => October
                    [hash] => 0b6eaf74c999eb254549d1b1ab90aaa3
                    [demo_url] => 
                    [product_url] => 
                )

        )

    [themes] => Array
        (
            [0] => Array
                (
                    [name] => Clean Blog
                    [description] => Clean blogger theme.
                    [code] => Responsiv.Clean
                    [updated_at] => 2019-04-26 09:24:18
                    [image] => //gateway.octobercms.com/storage/app/uploads/public/58e/304/7a4/thumb_6978_210_140_0_0_crop.png
                    [author] => Responsiv Internet
                    [hash] => 07e5b7066168a94349ac92018770c2e8
                    [demo_url] => http://daftspunk.com/
                    [product_url] => http://gateway.octobercms.com/theme/responsiv-clean
                    [require] => Array
                        (
                            [0] => Array
                                (
                                    [name] => Blog
                                    [description] => A robust blogging platform.
                                    [code] => RainLab.Blog
                                    [updated_at] => 2019-04-26 09:24:18
                                    [image] => http://placehold.it/64x64
                                    [author] => October
                                    [hash] => 0b6eaf74c999eb254549d1b1ab90aaa3
                                    [demo_url] => 
                                    [product_url] => 
                                )

                        )

                )

        )

    [handler] => onInstallStep
)

[2019/04/26 11:26:25] Install step: getMetaData
[2019/04/26 11:26:26] Server request: core/install
[2019/04/26 11:26:26] Request information: Array
(
    [url] => http://gateway.octobercms.com/api/core/install
    [content_type] => application/json
    [http_code] => 200
    [header_size] => 418
    [request_size] => 256
    [filetime] => -1
    [ssl_verify_result] => 0
    [redirect_count] => 0
    [total_time] => 0.77288
    [namelookup_time] => 4.5E-5
    [connect_time] => 0.278132
    [pretransfer_time] => 0.278237
    [size_upload] => 108
    [size_download] => 233
    [speed_download] => 301
    [speed_upload] => 139
    [download_content_length] => -1
    [upload_content_length] => 108
    [starttransfer_time] => 0.772189
    [redirect_time] => 0
    [redirect_url] => 
    [primary_ip] => 52.37.223.30
    [certinfo] => Array
        (
        )

    [primary_port] => 80
    [local_ip] => 192.168.1.39
    [local_port] => 46002
)

[2019/04/26 11:26:26] Step getMetaData +OK
[2019/04/26 11:26:26] Execute handler (onInstallStep): Array
(
    [result] => Array
        (
            [core] => Array
                (
                    [hash] => 61c929870890c2206ff3d84c4a12c354
                    [build] => 447
                    [uhash] => 3bea68b737188c91d4613538c6dbcec4
                )

            [plugins] => Array
                (
                    [RainLab.Blog] => 0b6eaf74c999eb254549d1b1ab90aaa3
                )

            [themes] => Array
                (
                    [Responsiv.Clean] => 07e5b7066168a94349ac92018770c2e8
                )

        )

)

.============================ POST REQUEST ==========================.
[2019/04/26 11:26:26] Postback payload: Array
(
    [step] => downloadCore
    [meta] => Array
        (
            [core] => Array
                (
                    [hash] => 61c929870890c2206ff3d84c4a12c354
                    [build] => 447
                    [uhash] => 3bea68b737188c91d4613538c6dbcec4
                )

            [plugins] => Array
                (
                    [RainLab.Blog] => 0b6eaf74c999eb254549d1b1ab90aaa3
                )

            [themes] => Array
                (
                    [Responsiv.Clean] => 07e5b7066168a94349ac92018770c2e8
                )

        )

    [handler] => onInstallStep
)

[2019/04/26 11:26:26] Install step: downloadCore
[2019/04/26 11:26:48] Saving to file (core): /opt/lampp/htdocs/appChurch/back/install_files/temp/a74ad8dfacd4f985eb3977517615ce25.arc
[2019/04/26 11:26:48] Step downloadCore +OK
[2019/04/26 11:26:48] Execute handler (onInstallStep): Array
(
    [result] => 
)

.============================ POST REQUEST ==========================.
[2019/04/26 11:26:49] Postback payload: Array
(
    [step] => downloadPlugin
    [meta] => Array
        (
            [core] => Array
                (
                    [hash] => 61c929870890c2206ff3d84c4a12c354
                    [build] => 447
                    [uhash] => 3bea68b737188c91d4613538c6dbcec4
                )

            [plugins] => Array
                (
                    [RainLab.Blog] => 0b6eaf74c999eb254549d1b1ab90aaa3
                )

            [themes] => Array
                (
                    [Responsiv.Clean] => 07e5b7066168a94349ac92018770c2e8
                )

        )

    [name] => RainLab.Blog
    [handler] => onInstallStep
)

[2019/04/26 11:26:49] Install step: downloadPlugin
[2019/04/26 11:26:51] Saving to file (RainLab.Blog-plugin): /opt/lampp/htdocs/appChurch/back/install_files/temp/33b538b0804bdcfce25684369ded882c.arc
[2019/04/26 11:26:51] Step downloadPlugin +OK
[2019/04/26 11:26:51] Execute handler (onInstallStep): Array
(
    [result] => 
)

.============================ POST REQUEST ==========================.
[2019/04/26 11:26:52] Postback payload: Array
(
    [step] => downloadTheme
    [meta] => Array
        (
            [core] => Array
                (
                    [hash] => 61c929870890c2206ff3d84c4a12c354
                    [build] => 447
                    [uhash] => 3bea68b737188c91d4613538c6dbcec4
                )

            [plugins] => Array
                (
                    [RainLab.Blog] => 0b6eaf74c999eb254549d1b1ab90aaa3
                )

            [themes] => Array
                (
                    [Responsiv.Clean] => 07e5b7066168a94349ac92018770c2e8
                )

        )

    [name] => Responsiv.Clean
    [handler] => onInstallStep
)

[2019/04/26 11:26:52] Install step: downloadTheme
[2019/04/26 11:26:58] Saving to file (Responsiv.Clean-theme): /opt/lampp/htdocs/appChurch/back/install_files/temp/50b424b156f0b335ba87925d2ea83f82.arc
[2019/04/26 11:26:58] Step downloadTheme +OK
[2019/04/26 11:26:58] Execute handler (onInstallStep): Array
(
    [result] => 
)

.============================ POST REQUEST ==========================.
[2019/04/26 11:26:59] Postback payload: Array
(
    [step] => extractCore
    [meta] => Array
        (
            [core] => Array
                (
                    [hash] => 61c929870890c2206ff3d84c4a12c354
                    [build] => 447
                    [uhash] => 3bea68b737188c91d4613538c6dbcec4
                )

            [plugins] => Array
                (
                    [RainLab.Blog] => 0b6eaf74c999eb254549d1b1ab90aaa3
                )

            [themes] => Array
                (
                    [Responsiv.Clean] => 07e5b7066168a94349ac92018770c2e8
                )

        )

    [handler] => onInstallStep
)

[2019/04/26 11:26:59] Install step: extractCore
[2019/04/26 11:26:59] Extracting file (core): a74ad8dfacd4f985eb3977517615ce25.arc
[2019/04/26 11:27:00] Step extractCore +OK
[2019/04/26 11:27:00] Execute handler (onInstallStep): Array
(
    [result] => 1
)

.============================ POST REQUEST ==========================.
[2019/04/26 11:27:01] Postback payload: Array
(
    [step] => extractPlugin
    [meta] => Array
        (
            [core] => Array
                (
                    [hash] => 61c929870890c2206ff3d84c4a12c354
                    [build] => 447
                    [uhash] => 3bea68b737188c91d4613538c6dbcec4
                )

            [plugins] => Array
                (
                    [RainLab.Blog] => 0b6eaf74c999eb254549d1b1ab90aaa3
                )

            [themes] => Array
                (
                    [Responsiv.Clean] => 07e5b7066168a94349ac92018770c2e8
                )

        )

    [name] => RainLab.Blog
    [handler] => onInstallStep
)

[2019/04/26 11:27:01] Install step: extractPlugin
[2019/04/26 11:27:01] Extracting file (RainLab.Blog-plugin): 33b538b0804bdcfce25684369ded882c.arc
[2019/04/26 11:27:01] Step extractPlugin +OK
[2019/04/26 11:27:01] Execute handler (onInstallStep): Array
(
    [result] => 1
)

.============================ POST REQUEST ==========================.
[2019/04/26 11:27:02] Postback payload: Array
(
    [step] => extractTheme
    [meta] => Array
        (
            [core] => Array
                (
                    [hash] => 61c929870890c2206ff3d84c4a12c354
                    [build] => 447
                    [uhash] => 3bea68b737188c91d4613538c6dbcec4
                )

            [plugins] => Array
                (
                    [RainLab.Blog] => 0b6eaf74c999eb254549d1b1ab90aaa3
                )

            [themes] => Array
                (
                    [Responsiv.Clean] => 07e5b7066168a94349ac92018770c2e8
                )

        )

    [name] => Responsiv.Clean
    [handler] => onInstallStep
)

[2019/04/26 11:27:02] Install step: extractTheme
[2019/04/26 11:27:02] Extracting file (Responsiv.Clean-theme): 50b424b156f0b335ba87925d2ea83f82.arc
[2019/04/26 11:27:02] Step extractTheme +OK
[2019/04/26 11:27:02] Execute handler (onInstallStep): Array
(
    [result] => 1
)

.============================ POST REQUEST ==========================.
[2019/04/26 11:27:03] Postback payload: Array
(
    [step] => setupConfig
    [meta] => Array
        (
            [core] => Array
                (
                    [hash] => 61c929870890c2206ff3d84c4a12c354
                    [build] => 447
                    [uhash] => 3bea68b737188c91d4613538c6dbcec4
                )

            [plugins] => Array
                (
                    [RainLab.Blog] => 0b6eaf74c999eb254549d1b1ab90aaa3
                )

            [themes] => Array
                (
                    [Responsiv.Clean] => 07e5b7066168a94349ac92018770c2e8
                )

        )

    [db_type] => mysql
    [db_host] => localhost
    [db_port] => 
    [db_name] => app-church
    [db_user] => root
    [db_pass] => *******
    [admin_first_name] => Admin
    [admin_last_name] => Person
    [admin_email] => *******@*****.com
    [admin_login] => admin
    [admin_password] => *******
    [admin_confirm_password] => *******
    [backend_uri] => /backend
    [encryption_code] => *******
    [file_mask] => 777
    [folder_mask] => 777
    [active_theme] => Responsiv.Clean
    [handler] => onInstallStep
)

[2019/04/26 11:27:03] Install step: setupConfig
[2019/04/26 09:27:03] Step setupConfig +OK
[2019/04/26 09:27:03] Execute handler (onInstallStep): Array
(
    [result] => 
)

.============================ POST REQUEST ==========================.
[2019/04/26 11:27:04] Postback payload: Array
(
    [step] => createAdmin
    [meta] => Array
        (
            [core] => Array
                (
                    [hash] => 61c929870890c2206ff3d84c4a12c354
                    [build] => 447
                    [uhash] => 3bea68b737188c91d4613538c6dbcec4
                )

            [plugins] => Array
                (
                    [RainLab.Blog] => 0b6eaf74c999eb254549d1b1ab90aaa3
                )

            [themes] => Array
                (
                    [Responsiv.Clean] => 07e5b7066168a94349ac92018770c2e8
                )

        )

    [db_type] => mysql
    [db_host] => localhost
    [db_port] => 
    [db_name] => app-church
    [db_user] => root
    [db_pass] => *******
    [admin_first_name] => Admin
    [admin_last_name] => Person
    [admin_email] => *******@*****.com
    [admin_login] => admin
    [admin_password] => *******
    [admin_confirm_password] => *******
    [backend_uri] => /backend
    [encryption_code] => *******
    [file_mask] => 777
    [folder_mask] => 777
    [active_theme] => Responsiv.Clean
    [handler] => onInstallStep
)

[2019/04/26 11:27:04] Install step: createAdmin
[2019/04/26 09:27:57] Step createAdmin +OK
[2019/04/26 09:27:57] Execute handler (onInstallStep): Array
(
    [result] => 
)

.============================ POST REQUEST ==========================.
[2019/04/26 11:27:58] Postback payload: Array
(
    [disableLog] => 1
)

[2019/04/26 11:27:58] Install step: setupProject
[2019/04/26 11:27:58] Step setupProject +OK
[2019/04/26 11:27:58] Execute handler (onInstallStep): Array
(
    [result] => 
)

.============================ POST REQUEST ==========================.
[2019/04/26 11:27:59] Postback payload: Array
(
    [step] => finishInstall
    [meta] => Array
        (
            [core] => Array
                (
                    [hash] => 61c929870890c2206ff3d84c4a12c354
                    [build] => 447
                    [uhash] => 3bea68b737188c91d4613538c6dbcec4
                )

            [plugins] => Array
                (
                    [RainLab.Blog] => 0b6eaf74c999eb254549d1b1ab90aaa3
                )

            [themes] => Array
                (
                    [Responsiv.Clean] => 07e5b7066168a94349ac92018770c2e8
                )

        )

    [hash] => 61c929870890c2206ff3d84c4a12c354
    [build] => 447
    [uhash] => 3bea68b737188c91d4613538c6dbcec4
    [handler] => onInstallStep
)

[2019/04/26 11:27:59] Install step: finishInstall
[2019/04/26 09:27:59] Cleaning up file: 33b538b0804bdcfce25684369ded882c.arc
[2019/04/26 09:27:59] Cleaning up file: a74ad8dfacd4f985eb3977517615ce25.arc
[2019/04/26 09:27:59] Cleaning up file: 50b424b156f0b335ba87925d2ea83f82.arc
[2019/04/26 09:27:59] Step finishInstall +OK
[2019/04/26 09:27:59] Execute handler (onInstallStep): Array
(
    [result] => 
)

